#
# A fatal error has been detected by the Java Runtime Environment:
#
#  SIGSEGV (0xb) at pc=0x00007f93bfdfdbd6, pid=28080, tid=140272867890944
#
# JRE version: OpenJDK Runtime Environment (7.0_85-b01) (build 1.7.0_85-b01)
# Java VM: OpenJDK 64-Bit Server VM (24.85-b03 mixed mode linux-amd64 compressed oops)
# Derivative: IcedTea 2.6.1
# Distribution: Ubuntu 14.04 LTS, package 7u85-2.6.1-5ubuntu0.14.04.1
# Problematic frame:
# C  [libSharedMemory.so+0xbd6]  Java_SharedMemoryUtilities_SharedMemory_write+0x51
#
# Failed to write core dump. Core dumps have been disabled. To enable core dumping, try "ulimit -c unlimited" before starting Java again
#
# If you would like to submit a bug report, please include
# instructions on how to reproduce the bug and visit:
#   http://icedtea.classpath.org/bugzilla
# The crash happened outside the Java Virtual Machine in native code.
# See problematic frame for where to report the bug.
#

---------------  T H R E A D  ---------------

Current thread (0x00007f93cc00a000):  JavaThread "main" [_thread_in_native, id=28081, stack(0x00007f93d2665000,0x00007f93d2766000)]

siginfo:si_signo=SIGSEGV: si_errno=0, si_code=1 (SEGV_MAPERR), si_addr=0xffffffffffffffff

Registers:
RAX=0xffffffffffffffff, RBX=0x00000007794afb20, RCX=0x00000000fbad000c, RDX=0x0000000000000000
RSP=0x00007f93d27647d0, RBP=0x00007f93d2764820, RSI=0x0000000000000000, RDI=0x00007f93cc000020
R8 =0x00007f93cc105ef0, R9 =0x00007f93d2765700, R10=0x00007f93d23526a0, R11=0x0000000000000206
R12=0x0000000000000000, R13=0x00000007794afb20, R14=0x00007f93d27648c0, R15=0x00007f93cc00a000
RIP=0x00007f93bfdfdbd6, EFLAGS=0x0000000000010206, CSGSFS=0x0000000000000033, ERR=0x0000000000000005
  TRAPNO=0x000000000000000e

Top of Stack: (sp=0x00007f93d27647d0)
0x00007f93d27647d0:   00007f93d27648b0 0000000000000000
0x00007f93d27647e0:   00007f93d27648a0 00007f93cc00a1d8
0x00007f93d27647f0:   00000007794afb20 0000000000000000
0x00007f93d2764800:   00000007794afb20 ffffffffffffffff
0x00007f93d2764810:   ffffffffffffffff 00007f93c818dc2d
0x00007f93d2764820:   00007f93d2764890 00007f93c818dd98
0x00007f93d2764830:   00007f93cc00aa58 00007f93cc00aa58
0x00007f93d2764840:   00007f93fffffffe 0000000000000000
0x00007f93d2764850:   00007f93d2764850 00000007794afb20
0x00007f93d2764860:   00007f93d27648c0 00000007794b0158
0x00007f93d2764870:   0000000000000000 00000007794afb20
0x00007f93d2764880:   0000000000000000 00007f93d27648b0
0x00007f93d2764890:   00007f93d2764908 00007f93c8181058
0x00007f93d27648a0:   00000007d68559c8 00007f93c8189cd8
0x00007f93d27648b0:   00000007d6856f18 0000000000000000
0x00007f93d27648c0:   0000000000000000 00007f93d27648c8
0x00007f93d27648d0:   00000007794aef30 00007f93d2764930
0x00007f93d27648e0:   00000007794af430 0000000000000000
0x00007f93d27648f0:   00000007794aef40 00007f93d27648b0
0x00007f93d2764900:   00007f93d2764920 00007f93d2764978
0x00007f93d2764910:   00007f93c8181058 00000007d6856f18
0x00007f93d2764920:   0000000000000000 0000000000000000
0x00007f93d2764930:   00000007d68533b0 00007f93d2764938
0x00007f93d2764940:   00000007794ae6dd 00007f93d2764998
0x00007f93d2764950:   00000007794af430 0000000000000000
0x00007f93d2764960:   00000007794ae720 00007f93d2764920
0x00007f93d2764970:   00007f93d2764990 00007f93d27649e8
0x00007f93d2764980:   00007f93c8181058 0000000000678019
0x00007f93d2764990:   00000007d6850660 00000007d68533b0
0x00007f93d27649a0:   00000007d68533b0 00007f93d27649a8
0x00007f93d27649b0:   00000007794a8ae7 00007f93d2764a08
0x00007f93d27649c0:   00000007794ad600 0000000000000000 

Instructions: (pc=0x00007f93bfdfdbd6)
0x00007f93bfdfdbb6:   e8 48 83 7d e8 ff 75 0c 48 8d 3d 9b 04 00 00 e8
0x00007f93bfdfdbc6:   a6 fd ff ff 48 8b 45 e8 48 89 45 f0 48 8b 45 f0
0x00007f93bfdfdbd6:   0f b6 00 0f be c0 89 45 d8 48 8b 45 f0 48 83 c0
0x00007f93bfdfdbe6:   01 0f b6 00 0f be c0 89 45 dc 48 8b 45 c8 48 8b 

Register to memory mapping:

RAX=0xffffffffffffffff is an unknown value
RBX=0x00000007794afb20 is an oop
{method} 
 - klass: {other class}
RCX=0x00000000fbad000c is an unknown value
RDX=0x0000000000000000 is an unknown value
RSP=0x00007f93d27647d0 is pointing into the stack for thread: 0x00007f93cc00a000
RBP=0x00007f93d2764820 is pointing into the stack for thread: 0x00007f93cc00a000
RSI=0x0000000000000000 is an unknown value
RDI=0x00007f93cc000020 is an unknown value
R8 =0x00007f93cc105ef0 is an unknown value
R9 =0x00007f93d2765700 is pointing into the stack for thread: 0x00007f93cc00a000
R10=0x00007f93d23526a0: _IO_file_jumps+0 in /lib/x86_64-linux-gnu/libc.so.6 at 0x00007f93d1f95000
R11=0x0000000000000206 is an unknown value
R12=0x0000000000000000 is an unknown value
R13=0x00000007794afb20 is an oop
{method} 
 - klass: {other class}
R14=0x00007f93d27648c0 is pointing into the stack for thread: 0x00007f93cc00a000
R15=0x00007f93cc00a000 is a thread


Stack: [0x00007f93d2665000,0x00007f93d2766000],  sp=0x00007f93d27647d0,  free space=1021k
Native frames: (J=compiled Java code, j=interpreted, Vv=VM code, C=native code)
C  [libSharedMemory.so+0xbd6]  Java_SharedMemoryUtilities_SharedMemory_write+0x51
j  SharedMemoryUtilities.SharedMemory.write(IILjava/lang/String;)V+0
j  Buffer.BoundedBuffer.writeIntToSharedMemory(II)V+16
j  Buffer.BoundedBuffer.<init>(Ljava/lang/String;)V+69
j  ServerConsumer.main([Ljava/lang/String;)V+7
v  ~StubRoutines::call_stub
V  [libjvm.so+0x5edc19]  JavaCalls::call_helper(JavaValue*, methodHandle*, JavaCallArguments*, Thread*)+0x339
V  [libjvm.so+0x5ed6b8]  JavaCalls::call(JavaValue*, methodHandle, JavaCallArguments*, Thread*)+0x28
V  [libjvm.so+0x5fcb4b]  jni_invoke_static(JNIEnv_*, JavaValue*, _jobject*, JNICallType, _jmethodID*, JNI_ArgumentPusher*, Thread*) [clone .isra.123] [clone .constprop.154]+0x28b
V  [libjvm.so+0x60e1c8]  jni_CallStaticVoidMethod+0x118
C  [libjli.so+0x31f9]

Java frames: (J=compiled Java code, j=interpreted, Vv=VM code)
j  SharedMemoryUtilities.SharedMemory.write(IILjava/lang/String;)V+0
j  Buffer.BoundedBuffer.writeIntToSharedMemory(II)V+16
j  Buffer.BoundedBuffer.<init>(Ljava/lang/String;)V+69
j  ServerConsumer.main([Ljava/lang/String;)V+7
v  ~StubRoutines::call_stub

---------------  P R O C E S S  ---------------

Java Threads: ( => current thread )
  0x00007f93cc0b7000 JavaThread "Service Thread" daemon [_thread_blocked, id=28096, stack(0x00007f93c41ea000,0x00007f93c42eb000)]
  0x00007f93cc0b5000 JavaThread "C2 CompilerThread1" daemon [_thread_blocked, id=28095, stack(0x00007f93c42eb000,0x00007f93c43ec000)]
  0x00007f93cc0b2000 JavaThread "C2 CompilerThread0" daemon [_thread_blocked, id=28094, stack(0x00007f93c43ec000,0x00007f93c44ed000)]
  0x00007f93cc0b0000 JavaThread "Signal Dispatcher" daemon [_thread_blocked, id=28093, stack(0x00007f93c44ed000,0x00007f93c45ee000)]
  0x00007f93cc084800 JavaThread "Finalizer" daemon [_thread_blocked, id=28092, stack(0x00007f93c4cd5000,0x00007f93c4dd6000)]
  0x00007f93cc082800 JavaThread "Reference Handler" daemon [_thread_blocked, id=28091, stack(0x00007f93c4dd6000,0x00007f93c4ed7000)]
=>0x00007f93cc00a000 JavaThread "main" [_thread_in_native, id=28081, stack(0x00007f93d2665000,0x00007f93d2766000)]

Other Threads:
  0x00007f93cc07e000 VMThread [stack: 0x00007f93c4ed7000,0x00007f93c4fd8000] [id=28090]
  0x00007f93cc0c2000 WatcherThread [stack: 0x00007f93c40e9000,0x00007f93c41ea000] [id=28097]

VM state:not at safepoint (normal execution)

VM Mutex/Monitor currently owned by a thread: None

Heap
 PSYoungGen      total 37376K, used 1290K [0x00000007d6800000, 0x00000007d9180000, 0x0000000800000000)
  eden space 32256K, 4% used [0x00000007d6800000,0x00000007d69429e8,0x00000007d8780000)
  from space 5120K, 0% used [0x00000007d8c80000,0x00000007d8c80000,0x00000007d9180000)
  to   space 5120K, 0% used [0x00000007d8780000,0x00000007d8780000,0x00000007d8c80000)
 ParOldGen       total 84992K, used 0K [0x0000000783800000, 0x0000000788b00000, 0x00000007d6800000)
  object space 84992K, 0% used [0x0000000783800000,0x0000000783800000,0x0000000788b00000)
 PSPermGen       total 21504K, used 2753K [0x0000000779200000, 0x000000077a700000, 0x0000000783800000)
  object space 21504K, 12% used [0x0000000779200000,0x00000007794b0740,0x000000077a700000)

Card table byte_map: [0x00007f93c7d43000,0x00007f93c817b000] byte_map_base: 0x00007f93c417a000

Polling page: 0x00007f93d2787000

Code Cache  [0x00007f93c817b000, 0x00007f93c83eb000, 0x00007f93cb17b000)
 total_blobs=167 nmethods=0 adapters=136 free_code_cache=48772Kb largest_free_block=49943488

Compilation events (0 events):
No events

GC Heap History (0 events):
No events

Deoptimization events (0 events):
No events

Internal exceptions (8 events):
Event: 0,029 Thread 0x00007f93cc00a000 Threw 0x00000007d680f128 at /build/openjdk-7-65SuYz/openjdk-7-7u85-2.6.1/build/openjdk/hotspot/src/share/vm/prims/jni.cpp:3995
Event: 0,064 Thread 0x00007f93cc00a000 Threw 0x00000007d6843fa0 at /build/openjdk-7-65SuYz/openjdk-7-7u85-2.6.1/build/openjdk/hotspot/src/share/vm/prims/jni.cpp:721
Event: 0,065 Thread 0x00007f93cc00a000 Threw 0x00000007d6844120 at /build/openjdk-7-65SuYz/openjdk-7-7u85-2.6.1/build/openjdk/hotspot/src/share/vm/prims/jvm.cpp:1322
Event: 0,065 Thread 0x00007f93cc00a000 Threw 0x00000007d6844248 at /build/openjdk-7-65SuYz/openjdk-7-7u85-2.6.1/build/openjdk/hotspot/src/share/vm/prims/jvm.cpp:1322
Event: 0,066 Thread 0x00007f93cc00a000 Threw 0x00000007d68496a0 at /build/openjdk-7-65SuYz/openjdk-7-7u85-2.6.1/build/openjdk/hotspot/src/share/vm/prims/jvm.cpp:1322
Event: 0,070 Thread 0x00007f93cc00a000 Threw 0x00000007d684e8f8 at /build/openjdk-7-65SuYz/openjdk-7-7u85-2.6.1/build/openjdk/hotspot/src/share/vm/prims/jvm.cpp:1322
Event: 0,071 Thread 0x00007f93cc00a000 Threw 0x00000007d68510d0 at /build/openjdk-7-65SuYz/openjdk-7-7u85-2.6.1/build/openjdk/hotspot/src/share/vm/prims/jvm.cpp:1322
Event: 0,071 Thread 0x00007f93cc00a000 Threw 0x00000007d6854010 at /build/openjdk-7-65SuYz/openjdk-7-7u85-2.6.1/build/openjdk/hotspot/src/share/vm/prims/jvm.cpp:1322

Events (10 events):
Event: 0,070 loading class 0x00007f93d002fa80
Event: 0,070 loading class 0x00007f93d002fa80 done
Event: 0,071 loading class 0x00007f93d0033220
Event: 0,071 loading class 0x00007f93d0033220 done
Event: 0,071 loading class 0x00007f93cc0fa6d0
Event: 0,071 loading class 0x00007f93cc0fa6d0 done
Event: 0,071 loading class 0x00007f93cc1054f0
Event: 0,071 loading class 0x00007f93cc1054f0 done
Event: 0,072 loading class 0x00007f93d0033d10
Event: 0,072 loading class 0x00007f93d0033d10 done


Dynamic libraries:
00400000-00401000 r-xp 00000000 08:15 16561                              /usr/lib/jvm/java-7-openjdk-amd64/jre/bin/java
00600000-00601000 r--p 00000000 08:15 16561                              /usr/lib/jvm/java-7-openjdk-amd64/jre/bin/java
00601000-00602000 rw-p 00001000 08:15 16561                              /usr/lib/jvm/java-7-openjdk-amd64/jre/bin/java
00ef1000-00f12000 rw-p 00000000 00:00 0                                  [heap]
779200000-77a700000 rw-p 00000000 00:00 0 
77a700000-783800000 rw-p 00000000 00:00 0 
783800000-788b00000 rw-p 00000000 00:00 0 
788b00000-7d6800000 rw-p 00000000 00:00 0 
7d6800000-7d9180000 rw-p 00000000 00:00 0 
7d9180000-800000000 rw-p 00000000 00:00 0 
7f9368000000-7f9368021000 rw-p 00000000 00:00 0 
7f9368021000-7f936c000000 ---p 00000000 00:00 0 
7f936c000000-7f936c021000 rw-p 00000000 00:00 0 
7f936c021000-7f9370000000 ---p 00000000 00:00 0 
7f9370000000-7f9370021000 rw-p 00000000 00:00 0 
7f9370021000-7f9374000000 ---p 00000000 00:00 0 
7f9374000000-7f9374021000 rw-p 00000000 00:00 0 
7f9374021000-7f9378000000 ---p 00000000 00:00 0 
7f9378000000-7f9378021000 rw-p 00000000 00:00 0 
7f9378021000-7f937c000000 ---p 00000000 00:00 0 
7f937c000000-7f937c021000 rw-p 00000000 00:00 0 
7f937c021000-7f9380000000 ---p 00000000 00:00 0 
7f9380000000-7f9380021000 rw-p 00000000 00:00 0 
7f9380021000-7f9384000000 ---p 00000000 00:00 0 
7f9387c90000-7f938c000000 rw-p 00000000 00:00 0 
7f938c000000-7f938c021000 rw-p 00000000 00:00 0 
7f938c021000-7f9390000000 ---p 00000000 00:00 0 
7f9390000000-7f9390021000 rw-p 00000000 00:00 0 
7f9390021000-7f9394000000 ---p 00000000 00:00 0 
7f9394000000-7f9394021000 rw-p 00000000 00:00 0 
7f9394021000-7f9398000000 ---p 00000000 00:00 0 
7f939c000000-7f939c021000 rw-p 00000000 00:00 0 
7f939c021000-7f93a0000000 ---p 00000000 00:00 0 
7f93a4000000-7f93a4021000 rw-p 00000000 00:00 0 
7f93a4021000-7f93a8000000 ---p 00000000 00:00 0 
7f93a8000000-7f93a8021000 rw-p 00000000 00:00 0 
7f93a8021000-7f93ac000000 ---p 00000000 00:00 0 
7f93b0000000-7f93b0021000 rw-p 00000000 00:00 0 
7f93b0021000-7f93b4000000 ---p 00000000 00:00 0 
7f93b8000000-7f93b8021000 rw-p 00000000 00:00 0 
7f93b8021000-7f93bc000000 ---p 00000000 00:00 0 
7f93bfbc2000-7f93bfdfd000 rw-p 00000000 00:00 0 
7f93bfdfd000-7f93bfdff000 r-xp 00000000 08:15 434209                     /home/zilong/prog/github/s3app6/SharedProdCons/ProdCons/src/SharedMemoryUtilities/libSharedMemory.so
7f93bfdff000-7f93bfffe000 ---p 00002000 08:15 434209                     /home/zilong/prog/github/s3app6/SharedProdCons/ProdCons/src/SharedMemoryUtilities/libSharedMemory.so
7f93bfffe000-7f93bffff000 r--p 00001000 08:15 434209                     /home/zilong/prog/github/s3app6/SharedProdCons/ProdCons/src/SharedMemoryUtilities/libSharedMemory.so
7f93bffff000-7f93c0000000 rw-p 00002000 08:15 434209                     /home/zilong/prog/github/s3app6/SharedProdCons/ProdCons/src/SharedMemoryUtilities/libSharedMemory.so
7f93c0000000-7f93c0021000 rw-p 00000000 00:00 0 
7f93c0021000-7f93c4000000 ---p 00000000 00:00 0 
7f93c40c3000-7f93c40e9000 r--p 00000000 08:15 282873                     /usr/share/locale-langpack/fr/LC_MESSAGES/libc.mo
7f93c40e9000-7f93c40ea000 ---p 00000000 00:00 0 
7f93c40ea000-7f93c41ea000 rw-p 00000000 00:00 0                          [stack:28097]
7f93c41ea000-7f93c41ed000 ---p 00000000 00:00 0 
7f93c41ed000-7f93c42eb000 rw-p 00000000 00:00 0                          [stack:28096]
7f93c42eb000-7f93c42ee000 ---p 00000000 00:00 0 
7f93c42ee000-7f93c43ec000 rw-p 00000000 00:00 0                          [stack:28095]
7f93c43ec000-7f93c43ef000 ---p 00000000 00:00 0 
7f93c43ef000-7f93c44ed000 rw-p 00000000 00:00 0                          [stack:28094]
7f93c44ed000-7f93c44f0000 ---p 00000000 00:00 0 
7f93c44f0000-7f93c45ee000 rw-p 00000000 00:00 0                          [stack:28093]
7f93c45ee000-7f93c4cd5000 r--p 00000000 08:15 8224                       /usr/lib/locale/locale-archive
7f93c4cd5000-7f93c4cd8000 ---p 00000000 00:00 0 
7f93c4cd8000-7f93c4dd6000 rw-p 00000000 00:00 0                          [stack:28092]
7f93c4dd6000-7f93c4dd9000 ---p 00000000 00:00 0 
7f93c4dd9000-7f93c4ed7000 rw-p 00000000 00:00 0                          [stack:28091]
7f93c4ed7000-7f93c4ed8000 ---p 00000000 00:00 0 
7f93c4ed8000-7f93c6c44000 rw-p 00000000 00:00 0                          [stack:28090]
7f93c6c44000-7f93c6df6000 r--s 01d30000 08:15 16584                      /usr/lib/jvm/java-7-openjdk-amd64/jre/lib/rt.jar
7f93c6df6000-7f93c72a3000 rw-p 00000000 00:00 0 
7f93c72a3000-7f93c72a4000 ---p 00000000 00:00 0 
7f93c72a4000-7f93c73a4000 rw-p 00000000 00:00 0                          [stack:28089]
7f93c73a4000-7f93c73a5000 ---p 00000000 00:00 0 
7f93c73a5000-7f93c74a5000 rw-p 00000000 00:00 0                          [stack:28088]
7f93c74a5000-7f93c74a6000 ---p 00000000 00:00 0 
7f93c74a6000-7f93c75a6000 rw-p 00000000 00:00 0                          [stack:28087]
7f93c75a6000-7f93c75a7000 ---p 00000000 00:00 0 
7f93c75a7000-7f93c76a7000 rw-p 00000000 00:00 0                          [stack:28086]
7f93c76a7000-7f93c76a8000 ---p 00000000 00:00 0 
7f93c76a8000-7f93c77a8000 rw-p 00000000 00:00 0                          [stack:28085]
7f93c77a8000-7f93c77a9000 ---p 00000000 00:00 0 
7f93c77a9000-7f93c78a9000 rw-p 00000000 00:00 0                          [stack:28084]
7f93c78a9000-7f93c78aa000 ---p 00000000 00:00 0 
7f93c78aa000-7f93c79aa000 rw-p 00000000 00:00 0                          [stack:28083]
7f93c79aa000-7f93c79ab000 ---p 00000000 00:00 0 
7f93c79ab000-7f93c7ad5000 rw-p 00000000 00:00 0                          [stack:28082]
7f93c7ad5000-7f93c7d43000 rw-p 00000000 00:00 0 
7f93c7d43000-7f93c7d4e000 rw-p 00000000 00:00 0 
7f93c7d4e000-7f93c7d96000 rw-p 00000000 00:00 0 
7f93c7d96000-7f93c7dc0000 rw-p 00000000 00:00 0 
7f93c7dc0000-7f93c802e000 rw-p 00000000 00:00 0 
7f93c802e000-7f93c8043000 rw-p 00000000 00:00 0 
7f93c8043000-7f93c817a000 rw-p 00000000 00:00 0 
7f93c817a000-7f93c817b000 rw-p 00000000 00:00 0 
7f93c817b000-7f93c83eb000 rwxp 00000000 00:00 0 
7f93c83eb000-7f93cb17b000 rw-p 00000000 00:00 0 
7f93cb17b000-7f93cb183000 r-xp 00000000 08:15 16595                      /usr/lib/jvm/java-7-openjdk-amd64/jre/lib/amd64/libzip.so
7f93cb183000-7f93cb382000 ---p 00008000 08:15 16595                      /usr/lib/jvm/java-7-openjdk-amd64/jre/lib/amd64/libzip.so
7f93cb382000-7f93cb383000 r--p 00007000 08:15 16595                      /usr/lib/jvm/java-7-openjdk-amd64/jre/lib/amd64/libzip.so
7f93cb383000-7f93cb384000 rw-p 00008000 08:15 16595                      /usr/lib/jvm/java-7-openjdk-amd64/jre/lib/amd64/libzip.so
7f93cb384000-7f93cb38f000 r-xp 00000000 08:15 678475                     /lib/x86_64-linux-gnu/libnss_files-2.19.so
7f93cb38f000-7f93cb58e000 ---p 0000b000 08:15 678475                     /lib/x86_64-linux-gnu/libnss_files-2.19.so
7f93cb58e000-7f93cb58f000 r--p 0000a000 08:15 678475                     /lib/x86_64-linux-gnu/libnss_files-2.19.so
7f93cb58f000-7f93cb590000 rw-p 0000b000 08:15 678475                     /lib/x86_64-linux-gnu/libnss_files-2.19.so
7f93cb590000-7f93cb59b000 r-xp 00000000 08:15 679029                     /lib/x86_64-linux-gnu/libnss_nis-2.19.so
7f93cb59b000-7f93cb79a000 ---p 0000b000 08:15 679029                     /lib/x86_64-linux-gnu/libnss_nis-2.19.so
7f93cb79a000-7f93cb79b000 r--p 0000a000 08:15 679029                     /lib/x86_64-linux-gnu/libnss_nis-2.19.so
7f93cb79b000-7f93cb79c000 rw-p 0000b000 08:15 679029                     /lib/x86_64-linux-gnu/libnss_nis-2.19.so
7f93cb79c000-7f93cb7b3000 r-xp 00000000 08:15 678742                     /lib/x86_64-linux-gnu/libnsl-2.19.so
7f93cb7b3000-7f93cb9b2000 ---p 00017000 08:15 678742                     /lib/x86_64-linux-gnu/libnsl-2.19.so
7f93cb9b2000-7f93cb9b3000 r--p 00016000 08:15 678742                     /lib/x86_64-linux-gnu/libnsl-2.19.so
7f93cb9b3000-7f93cb9b4000 rw-p 00017000 08:15 678742                     /lib/x86_64-linux-gnu/libnsl-2.19.so
7f93cb9b4000-7f93cb9b6000 rw-p 00000000 00:00 0 
7f93cb9b6000-7f93cb9bf000 r-xp 00000000 08:15 678683                     /lib/x86_64-linux-gnu/libnss_compat-2.19.so
7f93cb9bf000-7f93cbbbe000 ---p 00009000 08:15 678683                     /lib/x86_64-linux-gnu/libnss_compat-2.19.so
7f93cbbbe000-7f93cbbbf000 r--p 00008000 08:15 678683                     /lib/x86_64-linux-gnu/libnss_compat-2.19.so
7f93cbbbf000-7f93cbbc0000 rw-p 00009000 08:15 678683                     /lib/x86_64-linux-gnu/libnss_compat-2.19.so
7f93cbbc0000-7f93cbbeb000 r-xp 00000000 08:15 16603                      /usr/lib/jvm/java-7-openjdk-amd64/jre/lib/amd64/libjava.so
7f93cbbeb000-7f93cbdeb000 ---p 0002b000 08:15 16603                      /usr/lib/jvm/java-7-openjdk-amd64/jre/lib/amd64/libjava.so
7f93cbdeb000-7f93cbdec000 r--p 0002b000 08:15 16603                      /usr/lib/jvm/java-7-openjdk-amd64/jre/lib/amd64/libjava.so
7f93cbdec000-7f93cbdee000 rw-p 0002c000 08:15 16603                      /usr/lib/jvm/java-7-openjdk-amd64/jre/lib/amd64/libjava.so
7f93cbdee000-7f93cbdfe000 r-xp 00000000 08:15 16619                      /usr/lib/jvm/java-7-openjdk-amd64/jre/lib/amd64/libverify.so
7f93cbdfe000-7f93cbffd000 ---p 00010000 08:15 16619                      /usr/lib/jvm/java-7-openjdk-amd64/jre/lib/amd64/libverify.so
7f93cbffd000-7f93cbfff000 r--p 0000f000 08:15 16619                      /usr/lib/jvm/java-7-openjdk-amd64/jre/lib/amd64/libverify.so
7f93cbfff000-7f93cc000000 rw-p 00011000 08:15 16619                      /usr/lib/jvm/java-7-openjdk-amd64/jre/lib/amd64/libverify.so
7f93cc000000-7f93cc110000 rw-p 00000000 00:00 0 
7f93cc110000-7f93d0000000 ---p 00000000 00:00 0 
7f93d0002000-7f93d00dc000 rw-p 00000000 00:00 0 
7f93d00dc000-7f93d0124000 rw-p 00000000 00:00 0 
7f93d0124000-7f93d012b000 r-xp 00000000 08:15 678973                     /lib/x86_64-linux-gnu/librt-2.19.so
7f93d012b000-7f93d032a000 ---p 00007000 08:15 678973                     /lib/x86_64-linux-gnu/librt-2.19.so
7f93d032a000-7f93d032b000 r--p 00006000 08:15 678973                     /lib/x86_64-linux-gnu/librt-2.19.so
7f93d032b000-7f93d032c000 rw-p 00007000 08:15 678973                     /lib/x86_64-linux-gnu/librt-2.19.so
7f93d032c000-7f93d0342000 r-xp 00000000 08:15 659955                     /lib/x86_64-linux-gnu/libgcc_s.so.1
7f93d0342000-7f93d0541000 ---p 00016000 08:15 659955                     /lib/x86_64-linux-gnu/libgcc_s.so.1
7f93d0541000-7f93d0542000 rw-p 00015000 08:15 659955                     /lib/x86_64-linux-gnu/libgcc_s.so.1
7f93d0542000-7f93d0647000 r-xp 00000000 08:15 678459                     /lib/x86_64-linux-gnu/libm-2.19.so
7f93d0647000-7f93d0846000 ---p 00105000 08:15 678459                     /lib/x86_64-linux-gnu/libm-2.19.so
7f93d0846000-7f93d0847000 r--p 00104000 08:15 678459                     /lib/x86_64-linux-gnu/libm-2.19.so
7f93d0847000-7f93d0848000 rw-p 00105000 08:15 678459                     /lib/x86_64-linux-gnu/libm-2.19.so
7f93d0848000-7f93d092e000 r-xp 00000000 08:15 2254                       /usr/lib/x86_64-linux-gnu/libstdc++.so.6.0.19
7f93d092e000-7f93d0b2d000 ---p 000e6000 08:15 2254                       /usr/lib/x86_64-linux-gnu/libstdc++.so.6.0.19
7f93d0b2d000-7f93d0b35000 r--p 000e5000 08:15 2254                       /usr/lib/x86_64-linux-gnu/libstdc++.so.6.0.19
7f93d0b35000-7f93d0b37000 rw-p 000ed000 08:15 2254                       /usr/lib/x86_64-linux-gnu/libstdc++.so.6.0.19
7f93d0b37000-7f93d0b4c000 rw-p 00000000 00:00 0 
7f93d0b4c000-7f93d1670000 r-xp 00000000 08:15 16610                      /usr/lib/jvm/java-7-openjdk-amd64/jre/lib/amd64/server/libjvm.so
7f93d1670000-7f93d186f000 ---p 00b24000 08:15 16610                      /usr/lib/jvm/java-7-openjdk-amd64/jre/lib/amd64/server/libjvm.so
7f93d186f000-7f93d1909000 r--p 00b23000 08:15 16610                      /usr/lib/jvm/java-7-openjdk-amd64/jre/lib/amd64/server/libjvm.so
7f93d1909000-7f93d192c000 rw-p 00bbd000 08:15 16610                      /usr/lib/jvm/java-7-openjdk-amd64/jre/lib/amd64/server/libjvm.so
7f93d192c000-7f93d195a000 rw-p 00000000 00:00 0 
7f93d195a000-7f93d1972000 r-xp 00000000 08:15 660141                     /lib/x86_64-linux-gnu/libz.so.1.2.8
7f93d1972000-7f93d1b71000 ---p 00018000 08:15 660141                     /lib/x86_64-linux-gnu/libz.so.1.2.8
7f93d1b71000-7f93d1b72000 r--p 00017000 08:15 660141                     /lib/x86_64-linux-gnu/libz.so.1.2.8
7f93d1b72000-7f93d1b73000 rw-p 00018000 08:15 660141                     /lib/x86_64-linux-gnu/libz.so.1.2.8
7f93d1b73000-7f93d1b8c000 r-xp 00000000 08:15 678881                     /lib/x86_64-linux-gnu/libpthread-2.19.so
7f93d1b8c000-7f93d1d8b000 ---p 00019000 08:15 678881                     /lib/x86_64-linux-gnu/libpthread-2.19.so
7f93d1d8b000-7f93d1d8c000 r--p 00018000 08:15 678881                     /lib/x86_64-linux-gnu/libpthread-2.19.so
7f93d1d8c000-7f93d1d8d000 rw-p 00019000 08:15 678881                     /lib/x86_64-linux-gnu/libpthread-2.19.so
7f93d1d8d000-7f93d1d91000 rw-p 00000000 00:00 0 
7f93d1d91000-7f93d1d94000 r-xp 00000000 08:15 678540                     /lib/x86_64-linux-gnu/libdl-2.19.so
7f93d1d94000-7f93d1f93000 ---p 00003000 08:15 678540                     /lib/x86_64-linux-gnu/libdl-2.19.so
7f93d1f93000-7f93d1f94000 r--p 00002000 08:15 678540                     /lib/x86_64-linux-gnu/libdl-2.19.so
7f93d1f94000-7f93d1f95000 rw-p 00003000 08:15 678540                     /lib/x86_64-linux-gnu/libdl-2.19.so
7f93d1f95000-7f93d2150000 r-xp 00000000 08:15 678862                     /lib/x86_64-linux-gnu/libc-2.19.so
7f93d2150000-7f93d234f000 ---p 001bb000 08:15 678862                     /lib/x86_64-linux-gnu/libc-2.19.so
7f93d234f000-7f93d2353000 r--p 001ba000 08:15 678862                     /lib/x86_64-linux-gnu/libc-2.19.so
7f93d2353000-7f93d2355000 rw-p 001be000 08:15 678862                     /lib/x86_64-linux-gnu/libc-2.19.so
7f93d2355000-7f93d235a000 rw-p 00000000 00:00 0 
7f93d235a000-7f93d2367000 r-xp 00000000 08:15 16621                      /usr/lib/jvm/java-7-openjdk-amd64/jre/lib/amd64/jli/libjli.so
7f93d2367000-7f93d2566000 ---p 0000d000 08:15 16621                      /usr/lib/jvm/java-7-openjdk-amd64/jre/lib/amd64/jli/libjli.so
7f93d2566000-7f93d2567000 r--p 0000c000 08:15 16621                      /usr/lib/jvm/java-7-openjdk-amd64/jre/lib/amd64/jli/libjli.so
7f93d2567000-7f93d2568000 rw-p 0000d000 08:15 16621                      /usr/lib/jvm/java-7-openjdk-amd64/jre/lib/amd64/jli/libjli.so
7f93d2568000-7f93d258b000 r-xp 00000000 08:15 678792                     /lib/x86_64-linux-gnu/ld-2.19.so
7f93d259b000-7f93d259c000 rw-p 00000000 00:00 0 
7f93d259c000-7f93d25a3000 r--s 00000000 08:15 150308                     /usr/lib/x86_64-linux-gnu/gconv/gconv-modules.cache
7f93d25a3000-7f93d25a4000 rw-p 00000000 00:00 0 
7f93d25a4000-7f93d25a5000 r--s 00002000 08:15 16580                      /usr/lib/jvm/java-7-openjdk-amd64/jre/lib/ext/dnsns.jar
7f93d25a5000-7f93d25af000 rw-p 00000000 00:00 0 
7f93d25af000-7f93d2665000 rw-p 00000000 00:00 0 
7f93d2665000-7f93d2668000 ---p 00000000 00:00 0 
7f93d2668000-7f93d276b000 rw-p 00000000 00:00 0                          [stack:28081]
7f93d276b000-7f93d276d000 r--s 00006000 08:15 274096                     /usr/share/java/java-atk-wrapper.jar
7f93d276d000-7f93d2771000 r--s 00034000 08:15 16578                      /usr/lib/jvm/java-7-openjdk-amd64/jre/lib/ext/sunjce_provider.jar
7f93d2771000-7f93d2775000 r--s 00085000 08:15 16576                      /usr/lib/jvm/java-7-openjdk-amd64/jre/lib/ext/localedata.jar
7f93d2775000-7f93d2778000 r--s 0000f000 08:15 16577                      /usr/lib/jvm/java-7-openjdk-amd64/jre/lib/ext/icedtea-sound.jar
7f93d2778000-7f93d277a000 r--s 00012000 08:15 16575                      /usr/lib/jvm/java-7-openjdk-amd64/jre/lib/ext/zipfs.jar
7f93d277a000-7f93d277e000 r--s 0003c000 08:15 16579                      /usr/lib/jvm/java-7-openjdk-amd64/jre/lib/ext/sunpkcs11.jar
7f93d277e000-7f93d2786000 rw-s 00000000 08:15 1580                       /tmp/hsperfdata_zilong/28080
7f93d2786000-7f93d2787000 rw-p 00000000 00:00 0 
7f93d2787000-7f93d2788000 r--p 00000000 00:00 0 
7f93d2788000-7f93d278a000 rw-p 00000000 00:00 0 
7f93d278a000-7f93d278b000 r--p 00022000 08:15 678792                     /lib/x86_64-linux-gnu/ld-2.19.so
7f93d278b000-7f93d278c000 rw-p 00023000 08:15 678792                     /lib/x86_64-linux-gnu/ld-2.19.so
7f93d278c000-7f93d278d000 rw-p 00000000 00:00 0 
7ffc7f895000-7ffc7f8b6000 rw-p 00000000 00:00 0                          [stack]
7ffc7f9e9000-7ffc7f9eb000 r-xp 00000000 00:00 0                          [vdso]
ffffffffff600000-ffffffffff601000 r-xp 00000000 00:00 0                  [vsyscall]

VM Arguments:
java_command: ServerConsumer 6783001
Launcher Type: SUN_STANDARD

Environment Variables:
PATH=/usr/local/sbin:/usr/local/bin:/usr/sbin:/usr/bin:/sbin:/bin:/usr/games:/usr/local/games
LD_LIBRARY_PATH=./SharedMemoryUtilities
SHELL=/bin/bash
DISPLAY=:0

Signal Handlers:
SIGSEGV: [libjvm.so+0x954820], sa_mask[0]=0x7ffbfeff, sa_flags=0x10000004
SIGBUS: [libjvm.so+0x954820], sa_mask[0]=0x7ffbfeff, sa_flags=0x10000004
SIGFPE: [libjvm.so+0x7cb150], sa_mask[0]=0x7ffbfeff, sa_flags=0x10000004
SIGPIPE: [libjvm.so+0x7cb150], sa_mask[0]=0x7ffbfeff, sa_flags=0x10000004
SIGXFSZ: [libjvm.so+0x7cb150], sa_mask[0]=0x7ffbfeff, sa_flags=0x10000004
SIGILL: [libjvm.so+0x7cb150], sa_mask[0]=0x7ffbfeff, sa_flags=0x10000004
SIGUSR1: SIG_DFL, sa_mask[0]=0x00000000, sa_flags=0x00000000
SIGUSR2: [libjvm.so+0x7caff0], sa_mask[0]=0x00000000, sa_flags=0x10000004
SIGHUP: [libjvm.so+0x7cb1d0], sa_mask[0]=0x7ffbfeff, sa_flags=0x10000004
SIGINT: [libjvm.so+0x7cb1d0], sa_mask[0]=0x7ffbfeff, sa_flags=0x10000004
SIGTERM: [libjvm.so+0x7cb1d0], sa_mask[0]=0x7ffbfeff, sa_flags=0x10000004
SIGQUIT: [libjvm.so+0x7cb1d0], sa_mask[0]=0x7ffbfeff, sa_flags=0x10000004
SIGTRAP: SIG_DFL, sa_mask[0]=0x00000000, sa_flags=0x00000000


---------------  S Y S T E M  ---------------

OS:Ubuntu 14.04 (trusty)
uname:Linux 3.13.0-66-generic #108-Ubuntu SMP Wed Oct 7 15:20:27 UTC 2015 x86_64
libc:glibc 2.19 NPTL 2.19 
rlimit: STACK 8192k, CORE 0k, NPROC 63554, NOFILE 4096, AS infinity
load average:0,70 0,43 0,33

/proc/meminfo:
MemTotal:        8156552 kB
MemFree:         3757324 kB
Buffers:           72212 kB
Cached:           807092 kB
SwapCached:            0 kB
Active:          2967964 kB
Inactive:         643168 kB
Active(anon):    2733408 kB
Inactive(anon):   202832 kB
Active(file):     234556 kB
Inactive(file):   440336 kB
Unevictable:         200 kB
Mlocked:             200 kB
SwapTotal:             0 kB
SwapFree:              0 kB
Dirty:               280 kB
Writeback:             0 kB
AnonPages:       2732376 kB
Mapped:           303504 kB
Shmem:            204412 kB
Slab:             110116 kB
SReclaimable:      45332 kB
SUnreclaim:        64784 kB
KernelStack:        5856 kB
PageTables:        52880 kB
NFS_Unstable:          0 kB
Bounce:                0 kB
WritebackTmp:          0 kB
CommitLimit:     4078276 kB
Committed_AS:   11520712 kB
VmallocTotal:   34359738367 kB
VmallocUsed:      315408 kB
VmallocChunk:   34359316916 kB
HardwareCorrupted:     0 kB
AnonHugePages:    970752 kB
HugePages_Total:       0
HugePages_Free:        0
HugePages_Rsvd:        0
HugePages_Surp:        0
Hugepagesize:       2048 kB
DirectMap4k:      291504 kB
DirectMap2M:     8077312 kB


CPU:total 8 (4 cores per cpu, 2 threads per core) family 6 model 42 stepping 7, cmov, cx8, fxsr, mmx, sse, sse2, sse3, ssse3, sse4.1, sse4.2, popcnt, avx, ht, tsc, tscinvbit

/proc/cpuinfo:
processor	: 0
vendor_id	: GenuineIntel
cpu family	: 6
model		: 42
model name	: Intel(R) Core(TM) i7-2600 CPU @ 3.40GHz
stepping	: 7
microcode	: 0x23
cpu MHz		: 1600.000
cache size	: 8192 KB
physical id	: 0
siblings	: 8
core id		: 0
cpu cores	: 4
apicid		: 0
initial apicid	: 0
fpu		: yes
fpu_exception	: yes
cpuid level	: 13
wp		: yes
flags		: fpu vme de pse tsc msr pae mce cx8 apic sep mtrr pge mca cmov pat pse36 clflush dts acpi mmx fxsr sse sse2 ss ht tm pbe syscall nx rdtscp lm constant_tsc arch_perfmon pebs bts rep_good nopl xtopology nonstop_tsc aperfmperf eagerfpu pni pclmulqdq dtes64 monitor ds_cpl vmx smx est tm2 ssse3 cx16 xtpr pdcm pcid sse4_1 sse4_2 x2apic popcnt tsc_deadline_timer xsave avx lahf_lm ida arat epb xsaveopt pln pts dtherm tpr_shadow vnmi flexpriority ept vpid
bogomips	: 6785.24
clflush size	: 64
cache_alignment	: 64
address sizes	: 36 bits physical, 48 bits virtual
power management:

processor	: 1
vendor_id	: GenuineIntel
cpu family	: 6
model		: 42
model name	: Intel(R) Core(TM) i7-2600 CPU @ 3.40GHz
stepping	: 7
microcode	: 0x23
cpu MHz		: 1600.000
cache size	: 8192 KB
physical id	: 0
siblings	: 8
core id		: 1
cpu cores	: 4
apicid		: 2
initial apicid	: 2
fpu		: yes
fpu_exception	: yes
cpuid level	: 13
wp		: yes
flags		: fpu vme de pse tsc msr pae mce cx8 apic sep mtrr pge mca cmov pat pse36 clflush dts acpi mmx fxsr sse sse2 ss ht tm pbe syscall nx rdtscp lm constant_tsc arch_perfmon pebs bts rep_good nopl xtopology nonstop_tsc aperfmperf eagerfpu pni pclmulqdq dtes64 monitor ds_cpl vmx smx est tm2 ssse3 cx16 xtpr pdcm pcid sse4_1 sse4_2 x2apic popcnt tsc_deadline_timer xsave avx lahf_lm ida arat epb xsaveopt pln pts dtherm tpr_shadow vnmi flexpriority ept vpid
bogomips	: 6785.24
clflush size	: 64
cache_alignment	: 64
address sizes	: 36 bits physical, 48 bits virtual
power management:

processor	: 2
vendor_id	: GenuineIntel
cpu family	: 6
model		: 42
model name	: Intel(R) Core(TM) i7-2600 CPU @ 3.40GHz
stepping	: 7
microcode	: 0x23
cpu MHz		: 3401.000
cache size	: 8192 KB
physical id	: 0
siblings	: 8
core id		: 2
cpu cores	: 4
apicid		: 4
initial apicid	: 4
fpu		: yes
fpu_exception	: yes
cpuid level	: 13
wp		: yes
flags		: fpu vme de pse tsc msr pae mce cx8 apic sep mtrr pge mca cmov pat pse36 clflush dts acpi mmx fxsr sse sse2 ss ht tm pbe syscall nx rdtscp lm constant_tsc arch_perfmon pebs bts rep_good nopl xtopology nonstop_tsc aperfmperf eagerfpu pni pclmulqdq dtes64 monitor ds_cpl vmx smx est tm2 ssse3 cx16 xtpr pdcm pcid sse4_1 sse4_2 x2apic popcnt tsc_deadline_timer xsave avx lahf_lm ida arat epb xsaveopt pln pts dtherm tpr_shadow vnmi flexpriority ept vpid
bogomips	: 6785.24
clflush size	: 64
cache_alignment	: 64
address sizes	: 36 bits physical, 48 bits virtual
power management:

processor	: 3
vendor_id	: GenuineIntel
cpu family	: 6
model		: 42
model name	: Intel(R) Core(TM) i7-2600 CPU @ 3.40GHz
stepping	: 7
microcode	: 0x23
cpu MHz		: 1600.000
cache size	: 8192 KB
physical id	: 0
siblings	: 8
core id		: 3
cpu cores	: 4
apicid		: 6
initial apicid	: 6
fpu		: yes
fpu_exception	: yes
cpuid level	: 13
wp		: yes
flags		: fpu vme de pse tsc msr pae mce cx8 apic sep mtrr pge mca cmov pat pse36 clflush dts acpi mmx fxsr sse sse2 ss ht tm pbe syscall nx rdtscp lm constant_tsc arch_perfmon pebs bts rep_good nopl xtopology nonstop_tsc aperfmperf eagerfpu pni pclmulqdq dtes64 monitor ds_cpl vmx smx est tm2 ssse3 cx16 xtpr pdcm pcid sse4_1 sse4_2 x2apic popcnt tsc_deadline_timer xsave avx lahf_lm ida arat epb xsaveopt pln pts dtherm tpr_shadow vnmi flexpriority ept vpid
bogomips	: 6785.24
clflush size	: 64
cache_alignment	: 64
address sizes	: 36 bits physical, 48 bits virtual
power management:

processor	: 4
vendor_id	: GenuineIntel
cpu family	: 6
model		: 42
model name	: Intel(R) Core(TM) i7-2600 CPU @ 3.40GHz
stepping	: 7
microcode	: 0x23
cpu MHz		: 1600.000
cache size	: 8192 KB
physical id	: 0
siblings	: 8
core id		: 0
cpu cores	: 4
apicid		: 1
initial apicid	: 1
fpu		: yes
fpu_exception	: yes
cpuid level	: 13
wp		: yes
flags		: fpu vme de pse tsc msr pae mce cx8 apic sep mtrr pge mca cmov pat pse36 clflush dts acpi mmx fxsr sse sse2 ss ht tm pbe syscall nx rdtscp lm constant_tsc arch_perfmon pebs bts rep_good nopl xtopology nonstop_tsc aperfmperf eagerfpu pni pclmulqdq dtes64 monitor ds_cpl vmx smx est tm2 ssse3 cx16 xtpr pdcm pcid sse4_1 sse4_2 x2apic popcnt tsc_deadline_timer xsave avx lahf_lm ida arat epb xsaveopt pln pts dtherm tpr_shadow vnmi flexpriority ept vpid
bogomips	: 6785.24
clflush size	: 64
cache_alignment	: 64
address sizes	: 36 bits physical, 48 bits virtual
power management:

processor	: 5
vendor_id	: GenuineIntel
cpu family	: 6
model		: 42
model name	: Intel(R) Core(TM) i7-2600 CPU @ 3.40GHz
stepping	: 7
microcode	: 0x23
cpu MHz		: 1600.000
cache size	: 8192 KB
physical id	: 0
siblings	: 8
core id		: 1
cpu cores	: 4
apicid		: 3
initial apicid	: 3
fpu		: yes
fpu_exception	: yes
cpuid level	: 13
wp		: yes
flags		: fpu vme de pse tsc msr pae mce cx8 apic sep mtrr pge mca cmov pat pse36 clflush dts acpi mmx fxsr sse sse2 ss ht tm pbe syscall nx rdtscp lm constant_tsc arch_perfmon pebs bts rep_good nopl xtopology nonstop_tsc aperfmperf eagerfpu pni pclmulqdq dtes64 monitor ds_cpl vmx smx est tm2 ssse3 cx16 xtpr pdcm pcid sse4_1 sse4_2 x2apic popcnt tsc_deadline_timer xsave avx lahf_lm ida arat epb xsaveopt pln pts dtherm tpr_shadow vnmi flexpriority ept vpid
bogomips	: 6785.24
clflush size	: 64
cache_alignment	: 64
address sizes	: 36 bits physical, 48 bits virtual
power management:

processor	: 6
vendor_id	: GenuineIntel
cpu family	: 6
model		: 42
model name	: Intel(R) Core(TM) i7-2600 CPU @ 3.40GHz
stepping	: 7
microcode	: 0x23
cpu MHz		: 3401.000
cache size	: 8192 KB
physical id	: 0
siblings	: 8
core id		: 2
cpu cores	: 4
apicid		: 5
initial apicid	: 5
fpu		: yes
fpu_exception	: yes
cpuid level	: 13
wp		: yes
flags		: fpu vme de pse tsc msr pae mce cx8 apic sep mtrr pge mca cmov pat pse36 clflush dts acpi mmx fxsr sse sse2 ss ht tm pbe syscall nx rdtscp lm constant_tsc arch_perfmon pebs bts rep_good nopl xtopology nonstop_tsc aperfmperf eagerfpu pni pclmulqdq dtes64 monitor ds_cpl vmx smx est tm2 ssse3 cx16 xtpr pdcm pcid sse4_1 sse4_2 x2apic popcnt tsc_deadline_timer xsave avx lahf_lm ida arat epb xsaveopt pln pts dtherm tpr_shadow vnmi flexpriority ept vpid
bogomips	: 6785.24
clflush size	: 64
cache_alignment	: 64
address sizes	: 36 bits physical, 48 bits virtual
power management:

processor	: 7
vendor_id	: GenuineIntel
cpu family	: 6
model		: 42
model name	: Intel(R) Core(TM) i7-2600 CPU @ 3.40GHz
stepping	: 7
microcode	: 0x23
cpu MHz		: 1600.000
cache size	: 8192 KB
physical id	: 0
siblings	: 8
core id		: 3
cpu cores	: 4
apicid		: 7
initial apicid	: 7
fpu		: yes
fpu_exception	: yes
cpuid level	: 13
wp		: yes
flags		: fpu vme de pse tsc msr pae mce cx8 apic sep mtrr pge mca cmov pat pse36 clflush dts acpi mmx fxsr sse sse2 ss ht tm pbe syscall nx rdtscp lm constant_tsc arch_perfmon pebs bts rep_good nopl xtopology nonstop_tsc aperfmperf eagerfpu pni pclmulqdq dtes64 monitor ds_cpl vmx smx est tm2 ssse3 cx16 xtpr pdcm pcid sse4_1 sse4_2 x2apic popcnt tsc_deadline_timer xsave avx lahf_lm ida arat epb xsaveopt pln pts dtherm tpr_shadow vnmi flexpriority ept vpid
bogomips	: 6785.24
clflush size	: 64
cache_alignment	: 64
address sizes	: 36 bits physical, 48 bits virtual
power management:



Memory: 4k page, physical 8156552k(3757324k free), swap 0k(0k free)

vm_info: OpenJDK 64-Bit Server VM (24.85-b03) for linux-amd64 JRE (1.7.0_85-b01), built on Oct 22 2015 06:46:50 by "buildd" with gcc 4.8.2

time: Sat Nov 21 03:34:13 2015
elapsed time: 0 seconds

